2015-07-20 03:00:26 pm 2015-07-20 03:00:26 pm 2015-07-20 03:11:13 pm [INFO] This is an info message.
2015-07-20 03:11:13 pm [ERROR] This is an error message.
2015-07-20 03:15:40 pm [INFO] This is an info message.
2015-07-20 03:15:40 pm [ERROR] This is an error message.
2015-07-20 03:15:42 pm [INFO] This is an info message.
2015-07-20 03:15:42 pm [ERROR] This is an error message.
2015-07-20 03:15:43 pm [INFO] This is an info message.
2015-07-20 03:15:43 pm [ERROR] This is an error message.
2015-07-20 03:17:11 pm [INFO] This is an info message.
2015-07-20 03:17:11 pm [ERROR] This is an error message.
2015-07-20 03:17:49 pm [INFO] This is an info message.
2015-07-20 03:17:49 pm [ERROR] This is an error message.
2015-07-20 03:18:10 pm [INFO] This is an info message.
log-2015-07-20.log2015-07-20 03:18:10 pm [ERROR] This is an error message.
log-2015-07-20.log2015-07-20 03:22:34 pm [INFO] This is an info message.
552015-07-20 03:22:34 pm [ERROR] This is an error message.
572015-07-20 03:27:06 pm [INFO] This is an info message.
2015-07-20 03:27:06 pm [ERROR] This is an error message.
2015-07-20 03:27:58 pm [INFO] This is an info message.
2015-07-20 03:27:58 pm [ERROR] This is an error message.
2015-07-20 03:30:17 pm [INFO] This is an info message.
2015-07-20 03:30:17 pm [ERROR] This is an error message.
2015-07-20 03:38:02 pm [INFO] This is an info message.
2015-07-20 03:38:02 pm [ERROR] This is an error message.
2015-07-20 03:49:34 pm [INFO] This is an info message.
2015-07-20 03:49:34 pm [ERROR] This is an error message.
2015-07-20 03:49:34 pm [INFO] 
2015-07-20 03:49:34 pm [ERROR] 
2015-07-20 03:51:46 pm [INFO] This is an info message.
2015-07-20 03:51:46 pm [ERROR] This is an error message.
2015-07-20 03:51:46 pm [INFO] This is an info message.
2015-07-20 03:51:46 pm [ERROR] This is an error message.
2015-07-20 03:52:11 pm [INFO] This is an info message.
2015-07-20 03:52:11 pm [ERROR] This is an error message.
2015-07-20 04:14:19 pm [INFO] 
2015-07-20 04:14:19 pm [INFO] Don't Forget To Be Awesome
2015-07-20 04:14:19 pm [INFO] 404
2015-07-20 04:14:39 pm [INFO] 
2015-07-20 04:14:39 pm [INFO] Don't Forget To Be Awesome
2015-07-20 04:14:39 pm [ERROR] 404
2015-07-20 04:40:02 pm UTC [INFO] Don't Forget To Be Awesome
2015-07-20 04:40:02 pm UTC [ERROR] 404
2015-07-20 04:43:16 pm UTC [INFO] Don't Forget To Be Awesome
2015-07-20 04:43:16 pm UTC [ERROR] 404
2015-07-20 04:43:32 pm UTC [INFO] Don't Forget To Be Awesome
2015-07-20 04:43:32 pm UTC [ERROR] 404
2015-07-20 04:47:12 pm UTC [INFO] Don't Forget To Be Awesome
2015-07-20 04:47:12 pm UTC [ERROR] 404
2015-07-20 11:48:21 am America/Chicago [INFO] Don't Forget To Be Awesome
2015-07-20 11:48:21 am America/Chicago [ERROR] 404
